20240415	13:44:32	007a9fe7-f860-41a7-96ce-e9e079616050	GET	/	undefined
20240415	13:44:32	021d4f93-adfd-478c-8795-97a0e2f3b703	GET	/css/style.css	undefined
20240415	13:45:03	2e493430-ad8a-47bf-acdf-c5d2c5c7e2f8	GET	/user	undefined
20240415	13:45:03	a51dc6e7-42c4-442e-8ee5-7d79d0bdb6bd	GET	/css/style.css	undefined
20240415	13:45:23	d1d0f3fa-bed1-4a03-b10d-173233eeb9c2	GET	/user.json	undefined
20240415	13:45:23	905f2393-f269-47c0-91dc-0058d75e587e	GET	/css/style.css	undefined
20240415	15:15:15	fc83ebe7-c508-4b63-958f-d67978376532	POST	/users	undefined
20240415	15:15:35	92878530-d019-4f84-aab8-37bcdc2fd3ce	POST	/users	undefined
20240415	15:15:47	23bc2859-fc27-4221-9d61-095c98bf7f02	POST	/users	undefined
20240415	15:16:42	fceec947-6d9a-4cff-acab-59097c2d955f	GET	/users	undefined
20240415	15:17:40	7a19c229-8245-467d-a56b-1d4ca4984fa4	POST	/users	undefined
20240415	15:17:48	4fe105f9-d50c-4c8f-a984-0e9d7419186a	GET	/users	undefined
20240415	15:20:19	1a2d3644-15dc-45d3-9974-14661aacc322	PATCH	/users?	undefined
20240415	15:20:29	f359e2b2-6dd8-4978-9ca3-501af2b1c6bd	GET	/users	undefined
20240415	15:21:33	e7479b45-5c34-4705-a5f2-ff1aebaedc24	DELETE	/users	undefined
20240415	15:22:36	6d11a9d5-b374-4e0d-b0ea-22b7592e8d49	DELETE	/users	undefined
20240415	15:29:13	1ce02f8c-4734-4d08-bab0-62826af0ffc0	GET	/users	undefined
20240416	08:58:42	d5a68cb0-8285-4f1c-871d-ab83070887f1	POST	/sections	undefined
20240416	08:59:22	ec34fff3-7ffe-4a71-a682-a99df89de9a5	GET	/sections	undefined
20240416	08:59:53	703f9e77-d721-47a4-b6fe-10988367c4f2	POST	/sections	undefined
20240416	09:00:06	2bb6dc5f-2ea8-4c02-b5e6-fc38fecaef71	POST	/sections	undefined
20240416	09:00:23	f3eeb2b3-eae3-4a8c-a561-284e2037dd2f	GET	/sections	undefined
20240416	09:01:07	ca408943-7e9b-4ac4-95bf-0d2e1e276869	PATCH	/sections	undefined
20240416	09:01:23	6292d748-53f3-4960-be83-e4eaa85f6c5c	PATCH	/sections	undefined
20240416	09:01:34	367ed28f-5291-4b19-afc7-303651c86ba9	PATCH	/sections	undefined
20240416	09:01:48	db3d2341-2b25-4395-b020-4c03288b2e07	GET	/sections	undefined
20240416	09:05:19	591b8df5-c162-4f93-b019-ae3fb0d27907	DELETE	/sections	undefined
20240416	09:05:31	618ed26d-262f-4c60-9dd4-00c715ad7b2c	GET	/sections	undefined
20240418	22:04:56	56f2c411-fbda-489a-bb28-1a9590799a6f	GET	/	undefined
20240418	22:04:56	bbc3298a-e999-4474-9820-463d06c209a4	GET	/css/style.css	undefined
20240418	22:04:57	33c233ed-1e9b-4a00-85b6-1a8263525792	GET	/favicon.ico	undefined
20240419	20:33:35	ccffb1a0-5005-4da3-bcfd-152a72019d82	GET	/sections	undefined
20240419	20:33:55	907e8d5a-6dfe-4bbe-bff1-43468d7adc9c	POST	/classes	undefined
20240419	20:34:07	f2d51516-52a1-4a76-aefd-ef13c391fc33	POST	/classes	undefined
20240419	20:34:18	a9fbbbb2-9d61-48f5-b7e2-20563b7bd904	POST	/classes	undefined
20240419	20:34:23	178278aa-aaa6-4cd4-a4af-35f767529b47	POST	/classes	undefined
20240419	20:34:48	102b7e36-c5d1-4a09-be6d-461f314ae68d	GET	/classes	undefined
20240419	20:35:45	4302681f-47b1-4dd8-8d3f-305568406055	POST	/classes	undefined
20240419	20:35:58	30bf929d-915a-4beb-941b-cb7e1933fba5	GET	/classes	undefined
20240419	20:37:35	05c54882-1b46-4128-bc2b-af9e2c4f7f9b	PATCH	/classes	undefined
20240419	20:38:11	79c6d4d8-233e-4428-90a8-b8d99f7e85d9	PATCH	/classes	undefined
20240419	20:38:19	b901ceea-d290-4d32-9966-f350905ecb51	PATCH	/classes	undefined
20240419	20:39:15	ec27b346-d26e-4d74-83e7-4cdd6dcdcc7a	DELETE	/classes	undefined
20240419	20:39:26	8b933a5a-7a95-4213-bb00-cefbfbcc0d37	GET	/classes	undefined
20240419	20:43:51	3fd3f152-bce8-4009-ab21-f824e5763347	GET	/	undefined
20240419	20:44:14	b4e31ec3-3494-46cd-ad2c-dfe60a1836c3	GET	/users	undefined
20240419	22:55:20	7498e429-3e0f-413b-a5b3-8b70e0a8c194	GET	/users	undefined
20240419	22:55:46	85f50b19-d0e5-4228-b2e1-14d1179af56d	GET	/classes	undefined
20240419	22:56:14	4c65c83c-5bdd-4a48-8a1d-7b02fe00acdb	GET	/sections	undefined
20240419	22:56:32	1d3fbe51-a83a-4306-9f5d-f679c90229a1	POST	/courses	undefined
20240419	22:56:52	1ba47ca0-f517-43d3-a630-0aa8ffd8e59f	GET	/courses	undefined
20240419	22:59:00	60ef5030-2406-4da1-a0a9-4b8c5a1933ef	GET	/users	undefined
20240419	22:59:08	06f36362-69b5-4e50-a426-6669bf965b87	GET	/courses	undefined
20240419	23:01:36	89af9d37-601a-4a20-b7be-4c4b89df1972	PATCH	/courses	undefined
20240419	23:01:43	6fd4efc5-00ed-4e61-8d7f-eb5db412892d	PATCH	/courses	undefined
20240419	23:02:33	854385a1-9245-468e-b5f4-7947273748a0	PATCH	/courses	undefined
20240419	23:03:04	dd6a852c-74a8-43dc-8922-0510a8812239	POST	/courses	undefined
20240419	23:03:11	13cab9bd-2d32-4cce-aaa9-067df7f4ba0f	GET	/courses	undefined
20240419	23:03:47	20108e4f-38d3-4f64-9cdb-b9292d413176	DELETE	/courses	undefined
20240419	23:04:13	1604195a-cc5e-4535-9959-6e5428214fe3	DELETE	/courses	undefined
